2025-02-11 11:11:44.822 [info] Added views:workbench.panel.markers.view in workbench.panel.markers
2025-02-11 11:11:44.822 [info] Added views:workbench.panel.output in workbench.panel.output
2025-02-11 11:11:44.822 [info] Added views:terminal in terminal
2025-02-11 11:11:44.822 [info] Added views:outline in workbench.view.explorer
2025-02-11 11:11:44.822 [info] Added views:workbench.scm in workbench.view.scm
2025-02-11 11:11:44.822 [info] Added views:workbench.view.search in workbench.view.search
2025-02-11 11:11:44.822 [info] Added views:timeline in workbench.view.explorer
2025-02-11 11:11:44.822 [info] Added views:workbench.explorer.emptyView in workbench.view.explorer
2025-02-11 11:11:46.031 [info] Added views:workbench.debug.variablesView,workbench.debug.watchExpressionsView,workbench.debug.callStackView,workbench.debug.breakPointsView in workbench.view.debug
2025-02-11 11:11:47.180 [info] Added views:workbench.panel.repl.view in workbench.panel.repl
2025-02-11 11:11:47.181 [info] Removed views:workbench.debug.breakPointsView,workbench.debug.callStackView,workbench.debug.watchExpressionsView,workbench.debug.variablesView from workbench.view.debug
2025-02-11 11:11:47.181 [info] Added views:workbench.debug.welcome in workbench.view.debug
2025-02-11 11:12:09.063 [info] Added views:workbench.panel.markers.view in workbench.panel.markers
2025-02-11 11:12:09.064 [info] Added views:workbench.panel.output in workbench.panel.output
2025-02-11 11:12:09.064 [info] Added views:terminal in terminal
2025-02-11 11:12:09.064 [info] Added views:outline in workbench.view.explorer
2025-02-11 11:12:09.064 [info] Added views:workbench.scm in workbench.view.scm
2025-02-11 11:12:09.064 [info] Added views:workbench.view.search in workbench.view.search
2025-02-11 11:12:09.064 [info] Added views:timeline in workbench.view.explorer
2025-02-11 11:12:09.064 [info] Added views:workbench.explorer.fileView in workbench.view.explorer
2025-02-11 11:12:09.466 [info] Added views:workbench.debug.variablesView,workbench.debug.watchExpressionsView,workbench.debug.callStackView,workbench.debug.breakPointsView in workbench.view.debug
2025-02-11 11:12:09.910 [info] Added views:workbench.panel.repl.view in workbench.panel.repl
2025-02-11 11:12:24.853 [info] Added views:workbench.views.extensions.installed,workbench.views.extensions.popular,extensions.recommendedList in workbench.view.extensions
2025-02-11 11:12:24.854 [info] Removed views:workbench.views.extensions.popular from workbench.view.extensions
2025-02-11 11:12:25.395 [info] Added views:workbench.views.extensions.popular in workbench.view.extensions
2025-02-11 11:12:25.543 [info] Removed views:extensions.recommendedList,workbench.views.extensions.popular,workbench.views.extensions.installed from workbench.view.extensions
2025-02-11 11:12:25.567 [info] Added views:workbench.views.extensions.workspaceRecommendations,workbench.views.extensions.otherRecommendations in workbench.view.extensions
2025-02-11 11:12:52.430 [info] Removed views:workbench.views.extensions.otherRecommendations,workbench.views.extensions.workspaceRecommendations from workbench.view.extensions
2025-02-11 11:12:52.461 [info] Added views:workbench.views.extensions.installed,workbench.views.extensions.popular,extensions.recommendedList in workbench.view.extensions
2025-02-11 11:12:54.455 [info] Removed views:extensions.recommendedList,workbench.views.extensions.popular,workbench.views.extensions.installed from workbench.view.extensions
2025-02-11 11:12:54.469 [info] Added views:workbench.views.extensions.marketplace in workbench.view.extensions
