2025-02-11 11:11:46.711 [info] Extension host with pid 120630 started
2025-02-11 11:11:47.182 [info] ExtensionService#_doActivateExtension vscode.git-base, startup: true, activationEvent: '*', root cause: vscode.git
2025-02-11 11:11:47.203 [info] ExtensionService#_doActivateExtension vscode.github-authentication, startup: false, activationEvent: 'onAuthenticationRequest:github'
2025-02-11 11:11:47.325 [info] ExtensionService#_doActivateExtension vscode.git, startup: true, activationEvent: '*'
2025-02-11 11:11:47.454 [info] ExtensionService#_doActivateExtension vscode.github, startup: true, activationEvent: '*'
2025-02-11 11:11:47.522 [info] ExtensionService#_doActivateExtension vscode.json-language-features, startup: false, activationEvent: 'onLanguage:jsonc'
2025-02-11 11:11:47.645 [info] ExtensionService#_doActivateExtension vscode.typescript-language-features, startup: false, activationEvent: 'onLanguage:jsonc'
2025-02-11 11:11:47.727 [info] ExtensionService#_doActivateExtension vscode.emmet, startup: false, activationEvent: 'onLanguage'
2025-02-11 11:11:47.927 [info] ExtensionService#_doActivateExtension vscode.microsoft-authentication, startup: false, activationEvent: 'onAuthenticationRequest:microsoft'
2025-02-11 11:11:48.065 [info] Eager extensions activated
2025-02-11 11:11:48.135 [info] ExtensionService#_doActivateExtension vscode.debug-auto-launch, startup: false, activationEvent: 'onStartupFinished'
2025-02-11 11:11:48.140 [info] ExtensionService#_doActivateExtension vscode.merge-conflict, startup: false, activationEvent: 'onStartupFinished'
2025-02-11 11:12:08.523 [info] Extension host terminating: renderer closed the MessagePort
2025-02-11 11:12:08.548 [info] Extension host with pid 120630 exiting with code 0
2025-02-11 11:12:09.826 [info] Extension host with pid 120739 started
2025-02-11 11:12:09.826 [info] Skipping acquiring lock for /home/onese/Documents/EMTECH/loan_management_sys/~/.vscode-root/User/workspaceStorage/bafdf4bc6b04f5f82d7954cc5d20effe.
2025-02-11 11:12:09.914 [info] ExtensionService#_doActivateExtension vscode.git-base, startup: true, activationEvent: '*'
2025-02-11 11:12:09.920 [info] ExtensionService#_doActivateExtension vscode.npm, startup: true, activationEvent: 'workspaceContains:package.json'
2025-02-11 11:12:10.014 [info] ExtensionService#_doActivateExtension vscode.github-authentication, startup: false, activationEvent: 'onAuthenticationRequest:github'
2025-02-11 11:12:10.051 [info] ExtensionService#_doActivateExtension vscode.github, startup: true, activationEvent: '*'
2025-02-11 11:12:10.192 [info] Eager extensions activated
2025-02-11 11:12:10.234 [info] ExtensionService#_doActivateExtension vscode.debug-auto-launch, startup: false, activationEvent: 'onStartupFinished'
2025-02-11 11:12:10.236 [info] ExtensionService#_doActivateExtension vscode.merge-conflict, startup: false, activationEvent: 'onStartupFinished'
2025-02-11 11:12:10.265 [info] ExtensionService#_doActivateExtension vscode.microsoft-authentication, startup: false, activationEvent: 'onAuthenticationRequest:microsoft'
2025-02-11 11:12:15.039 [info] ExtensionService#_doActivateExtension vscode.git, startup: false, activationEvent: 'api', root cause: vscode.github
2025-02-11 11:12:25.094 [info] ExtensionService#_doActivateExtension vscode.emmet, startup: false, activationEvent: 'onLanguage'
2025-02-11 11:16:43.778 [info] Extension host terminating: renderer closed the MessagePort
2025-02-11 11:16:43.787 [info] Extension host with pid 120739 exiting with code 0
